Using pre-set license

 COMMAND LINE ARGUMENTS:
/Applications/Unity/Hub/Editor/2020.3.10f1/Unity.app/Contents/MacOS/Unity
-adb2
-batchMode
-noUpm
-name
AssetImportWorker0
-projectPath
/Users/atsu/Unity/GitHub/Puzzle-Game/PuzzleGame
-logFile
Logs/AssetImportWorker0.log
-srvPort
63685
Successfully changed project path to: /Users/atsu/Unity/GitHub/Puzzle-Game/PuzzleGame
/Users/atsu/Unity/GitHub/Puzzle-Game/PuzzleGame
Using Asset Import Pipeline V2.
Refreshing native plugins compatible for Editor in 35.10 ms, found 3 plugins.
Preloading 0 native plugins for Editor in 0.00 ms.
Initialize engine version: 2020.3.10f1 (297d780c91bc)
[Subsystems] Discovering subsystems at path /Applications/Unity/Hub/Editor/2020.3.10f1/Unity.app/Contents/Resources/UnitySubsystems
[Subsystems] Discovering subsystems at path /Users/atsu/Unity/GitHub/Puzzle-Game/PuzzleGame/Assets
GfxDevice: creating device client; threaded=0
2021-06-24 15:29:49.814 Unity[22056:636359] (null) preferred device: Apple M1 (high power)
2021-06-24 15:29:49.814 Unity[22056:636359] Metal devices available: 1
2021-06-24 15:29:49.814 Unity[22056:636359] 0: Apple M1 (high power)
2021-06-24 15:29:49.814 Unity[22056:636359] Using device Apple M1 (high power)
Initializing Metal device caps: Apple M1
Initialize mono
Mono path[0] = '/Applications/Unity/Hub/Editor/2020.3.10f1/Unity.app/Contents/Managed'
Mono path[1] = '/Applications/Unity/Hub/Editor/2020.3.10f1/Unity.app/Contents/MonoBleedingEdge/lib/mono/unityjit'
Mono config path = '/Applications/Unity/Hub/Editor/2020.3.10f1/Unity.app/Contents/MonoBleedingEdge/etc'
Using monoOptions --debugger-agent=transport=dt_socket,embedding=1,server=y,suspend=n,address=127.0.0.1:56056
Begin MonoManager ReloadAssembly
Registering precompiled unity dll's ...
Register platform support module: /Applications/Unity/Hub/Editor/2020.3.10f1/PlaybackEngines/WebGLSupport/UnityEditor.WebGL.Extensions.dll
Register platform support module: /Applications/Unity/Hub/Editor/2020.3.10f1/Unity.app/Contents/PlaybackEngines/MacStandaloneSupport/UnityEditor.OSXStandalone.Extensions.dll
Registered in 0.002694 seconds.
Native extension for OSXStandalone target not found
Native extension for WebGL target not found
Refreshing native plugins compatible for Editor in 36.01 ms, found 3 plugins.
Preloading 0 native plugins for Editor in 0.00 ms.
Mono: successfully reloaded assembly
- Completed reload, in  2.357 seconds
Platform modules already initialized, skipping
Registering precompiled user dll's ...
Registered in 0.003243 seconds.
Begin MonoManager ReloadAssembly
Native extension for OSXStandalone target not found
Native extension for WebGL target not found
Refreshing native plugins compatible for Editor in 39.99 ms, found 3 plugins.
Preloading 0 native plugins for Editor in 0.00 ms.
Mono: successfully reloaded assembly
- Completed reload, in  2.470 seconds
Platform modules already initialized, skipping
========================================================================
Worker process is ready to serve import requests
Launching external process: /Applications/Unity/Hub/Editor/2020.3.10f1/Unity.app/Contents/Tools/UnityShaderCompiler
Launched and connected shader compiler UnityShaderCompiler after 0.03 seconds
Refreshing native plugins compatible for Editor in 0.38 ms, found 3 plugins.
Preloading 0 native plugins for Editor in 0.00 ms.
Unloading 2080 Unused Serialized files (Serialized files now loaded: 0)
System memory in use before: 173.0 MB.
System memory in use after: 172.9 MB.

Unloading 33 unused Assets to reduce memory usage. Loaded Objects now: 2512.
Total: 1.672667 ms (FindLiveObjects: 0.176250 ms CreateObjectMapping: 0.040916 ms MarkObjects: 1.330959 ms  DeleteObjects: 0.123917 ms)

========================================================================
Received Import Request.
  path: Assets/Plefab
  artifactKey: Guid(ba5e5a346bab2437a97262191eddae4d) Importer(815301076,1909f56bfc062723c751e8b465ee728b)
Start importing Assets/Plefab using Guid(ba5e5a346bab2437a97262191eddae4d) Importer(815301076,1909f56bfc062723c751e8b465ee728b)  -> (artifact id: 'd71099bbac198489e929a8a4d32d7ffb') in 0.006564 seconds
  Import took 0.009388 seconds .

========================================================================
Received Import Request.
  Time since last request: 21.511139 seconds.
  path: Assets/Plefab/Drop.prefab
  artifactKey: Guid(33e47e79844e5430e981bb5b5356975c) Importer(815301076,1909f56bfc062723c751e8b465ee728b)
Start importing Assets/Plefab/Drop.prefab using Guid(33e47e79844e5430e981bb5b5356975c) Importer(815301076,1909f56bfc062723c751e8b465ee728b)  -> (artifact id: '9c2b921783d8c0e167a9ada8bd6df470') in 0.671805 seconds
  Import took 0.674815 seconds .

========================================================================
Received Import Request.
  Time since last request: 1.985224 seconds.
  path: Assets/Plefab/GameObject (1).prefab
  artifactKey: Guid(de6063d2ededa4f249331eb81e8f4159) Importer(815301076,1909f56bfc062723c751e8b465ee728b)
Start importing Assets/Plefab/GameObject (1).prefab using Guid(de6063d2ededa4f249331eb81e8f4159) Importer(815301076,1909f56bfc062723c751e8b465ee728b)  -> (artifact id: '509b8770798ab315fdd15f743301e4cc') in 0.009700 seconds
  Import took 0.012308 seconds .

========================================================================
Received Import Request.
  Time since last request: 35.938013 seconds.
  path: Assets/Scripts
  artifactKey: Guid(6e213476ae0a542099cb4e2ca984a6bb) Importer(815301076,1909f56bfc062723c751e8b465ee728b)
Start importing Assets/Scripts using Guid(6e213476ae0a542099cb4e2ca984a6bb) Importer(815301076,1909f56bfc062723c751e8b465ee728b)  -> (artifact id: '0b7863ca776f0f3aa8844619b939dada') in 0.001783 seconds
  Import took 0.005293 seconds .

========================================================================
Received Import Request.
  Time since last request: 6.800034 seconds.
  path: Assets/Plefabs
  artifactKey: Guid(ba5e5a346bab2437a97262191eddae4d) Importer(815301076,1909f56bfc062723c751e8b465ee728b)
Start importing Assets/Plefabs using Guid(ba5e5a346bab2437a97262191eddae4d) Importer(815301076,1909f56bfc062723c751e8b465ee728b)  -> (artifact id: '980b99708261c02256ac1d220024805e') in 0.000838 seconds
  Import took 0.003391 seconds .

========================================================================
Received Import Request.
  Time since last request: 11.935796 seconds.
  path: Assets/Scripts/Generator.cs
  artifactKey: Guid(3d74215fb0ed64154993924c344adc0d) Importer(815301076,1909f56bfc062723c751e8b465ee728b)
Start importing Assets/Scripts/Generator.cs using Guid(3d74215fb0ed64154993924c344adc0d) Importer(815301076,1909f56bfc062723c751e8b465ee728b)  -> (artifact id: '4cbbd2181bee44f414c28c331c401398') in 0.212800 seconds
  Import took 0.215477 seconds .

========================================================================
Received Prepare
Registering precompiled user dll's ...
Registered in 0.002682 seconds.
Begin MonoManager ReloadAssembly
Native extension for OSXStandalone target not found
Native extension for WebGL target not found
Refreshing native plugins compatible for Editor in 0.41 ms, found 3 plugins.
Preloading 0 native plugins for Editor in 0.00 ms.
Mono: successfully reloaded assembly
- Completed reload, in  2.285 seconds
Platform modules already initialized, skipping
Switching build target platform(2) subTarget(0) extendedPlatform(0) -> platform(9) subTarget(16777218) extendedPlatform(0)
Refreshing native plugins compatible for Editor in 0.37 ms, found 3 plugins.
Preloading 0 native plugins for Editor in 0.00 ms.
Unloading 2079 Unused Serialized files (Serialized files now loaded: 0)
System memory in use before: 185.0 MB.
System memory in use after: 185.0 MB.

Unloading 21 unused Assets to reduce memory usage. Loaded Objects now: 2524.
Total: 1.493583 ms (FindLiveObjects: 0.113375 ms CreateObjectMapping: 0.038208 ms MarkObjects: 1.247208 ms  DeleteObjects: 0.094125 ms)

AssetImportParameters requested are different than current active one (requested -> active):
  custom:graphics/normal-map-encoding: 01000000000000000000000000000000 -> 02000000000000000000000000000000
========================================================================
Received Prepare
Registering precompiled user dll's ...
Registered in 0.003782 seconds.
Begin MonoManager ReloadAssembly
Native extension for OSXStandalone target not found
Native extension for WebGL target not found
Refreshing native plugins compatible for Editor in 0.39 ms, found 3 plugins.
Preloading 0 native plugins for Editor in 0.00 ms.
Mono: successfully reloaded assembly
- Completed reload, in  2.441 seconds
Platform modules already initialized, skipping
Switching build target platform(2) subTarget(0) extendedPlatform(0) -> platform(9) subTarget(16777218) extendedPlatform(0)
Refreshing native plugins compatible for Editor in 0.35 ms, found 3 plugins.
Preloading 0 native plugins for Editor in 0.00 ms.
Unloading 2079 Unused Serialized files (Serialized files now loaded: 0)
System memory in use before: 185.3 MB.
System memory in use after: 185.3 MB.

Unloading 21 unused Assets to reduce memory usage. Loaded Objects now: 2528.
Total: 1.606792 ms (FindLiveObjects: 0.155042 ms CreateObjectMapping: 0.038000 ms MarkObjects: 1.315667 ms  DeleteObjects: 0.097125 ms)

AssetImportParameters requested are different than current active one (requested -> active):
  custom:graphics/normal-map-encoding: 01000000000000000000000000000000 -> 02000000000000000000000000000000
========================================================================
Received Prepare
Registering precompiled user dll's ...
Registered in 0.003789 seconds.
Begin MonoManager ReloadAssembly
Native extension for OSXStandalone target not found
Native extension for WebGL target not found
Refreshing native plugins compatible for Editor in 0.54 ms, found 3 plugins.
Preloading 0 native plugins for Editor in 0.00 ms.
Mono: successfully reloaded assembly
- Completed reload, in  2.377 seconds
Platform modules already initialized, skipping
Switching build target platform(2) subTarget(0) extendedPlatform(0) -> platform(9) subTarget(16777218) extendedPlatform(0)
Refreshing native plugins compatible for Editor in 0.31 ms, found 3 plugins.
Preloading 0 native plugins for Editor in 0.00 ms.
Unloading 2079 Unused Serialized files (Serialized files now loaded: 0)
System memory in use before: 185.5 MB.
System memory in use after: 185.5 MB.

Unloading 21 unused Assets to reduce memory usage. Loaded Objects now: 2532.
Total: 1.625500 ms (FindLiveObjects: 0.119125 ms CreateObjectMapping: 0.041583 ms MarkObjects: 1.364042 ms  DeleteObjects: 0.100042 ms)

AssetImportParameters requested are different than current active one (requested -> active):
  custom:graphics/normal-map-encoding: 01000000000000000000000000000000 -> 02000000000000000000000000000000
========================================================================
Received Prepare
Registering precompiled user dll's ...
Registered in 0.002150 seconds.
Begin MonoManager ReloadAssembly
Native extension for OSXStandalone target not found
Native extension for WebGL target not found
Refreshing native plugins compatible for Editor in 0.41 ms, found 3 plugins.
Preloading 0 native plugins for Editor in 0.00 ms.
Mono: successfully reloaded assembly
- Completed reload, in  2.402 seconds
Platform modules already initialized, skipping
Switching build target platform(2) subTarget(0) extendedPlatform(0) -> platform(9) subTarget(16777218) extendedPlatform(0)
Refreshing native plugins compatible for Editor in 0.30 ms, found 3 plugins.
Preloading 0 native plugins for Editor in 0.00 ms.
Unloading 2079 Unused Serialized files (Serialized files now loaded: 0)
System memory in use before: 185.7 MB.
System memory in use after: 185.7 MB.

Unloading 21 unused Assets to reduce memory usage. Loaded Objects now: 2536.
Total: 1.493625 ms (FindLiveObjects: 0.112167 ms CreateObjectMapping: 0.036708 ms MarkObjects: 1.249709 ms  DeleteObjects: 0.094292 ms)

AssetImportParameters requested are different than current active one (requested -> active):
  custom:graphics/normal-map-encoding: 01000000000000000000000000000000 -> 02000000000000000000000000000000
